<?xml version="1.0" encoding="UTF-8"?>
<testsuite xmlns:xsi="http://www.w3.org/2001/XMLSchema-instance" xsi:noNamespaceSchemaLocation="https://maven.apache.org/surefire/maven-surefire-plugin/xsd/surefire-test-report.xsd" name="com.xxx.springbootstudy.SpringbootStudyApplicationTests" time="2.013" tests="1" errors="0" skipped="0" failures="0">
  <properties>
    <property name="sun.desktop" value="windows"/>
    <property name="awt.toolkit" value="sun.awt.windows.WToolkit"/>
    <property name="java.specification.version" value="11"/>
    <property name="sun.cpu.isalist" value="amd64"/>
    <property name="sun.jnu.encoding" value="GBK"/>
    <property name="java.class.path" value="D:\JavaProject\java-study-road\springboot-01-study-start\target\test-classes;D:\JavaProject\java-study-road\springboot-01-study-start\target\classes;D:\software\apache-maven-3.8.4\mvn_repo\org\springframework\boot\spring-boot-starter-web\2.7.5\spring-boot-starter-web-2.7.5.jar;D:\software\apache-maven-3.8.4\mvn_repo\org\springframework\boot\spring-boot-starter\2.7.5\spring-boot-starter-2.7.5.jar;D:\software\apache-maven-3.8.4\mvn_repo\org\springframework\boot\spring-boot\2.7.5\spring-boot-2.7.5.jar;D:\software\apache-maven-3.8.4\mvn_repo\org\springframework\boot\spring-boot-autoconfigure\2.7.5\spring-boot-autoconfigure-2.7.5.jar;D:\software\apache-maven-3.8.4\mvn_repo\org\springframework\boot\spring-boot-starter-logging\2.7.5\spring-boot-starter-logging-2.7.5.jar;D:\software\apache-maven-3.8.4\mvn_repo\ch\qos\logback\logback-classic\1.2.11\logback-classic-1.2.11.jar;D:\software\apache-maven-3.8.4\mvn_repo\ch\qos\logback\logback-core\1.2.11\logback-core-1.2.11.jar;D:\software\apache-maven-3.8.4\mvn_repo\org\apache\logging\log4j\log4j-to-slf4j\2.17.2\log4j-to-slf4j-2.17.2.jar;D:\software\apache-maven-3.8.4\mvn_repo\org\apache\logging\log4j\log4j-api\2.17.2\log4j-api-2.17.2.jar;D:\software\apache-maven-3.8.4\mvn_repo\org\slf4j\jul-to-slf4j\1.7.36\jul-to-slf4j-1.7.36.jar;D:\software\apache-maven-3.8.4\mvn_repo\jakarta\annotation\jakarta.annotation-api\1.3.5\jakarta.annotation-api-1.3.5.jar;D:\software\apache-maven-3.8.4\mvn_repo\org\yaml\snakeyaml\1.30\snakeyaml-1.30.jar;D:\software\apache-maven-3.8.4\mvn_repo\org\springframework\boot\spring-boot-starter-json\2.7.5\spring-boot-starter-json-2.7.5.jar;D:\software\apache-maven-3.8.4\mvn_repo\com\fasterxml\jackson\core\jackson-databind\2.13.4.2\jackson-databind-2.13.4.2.jar;D:\software\apache-maven-3.8.4\mvn_repo\com\fasterxml\jackson\core\jackson-annotations\2.13.4\jackson-annotations-2.13.4.jar;D:\software\apache-maven-3.8.4\mvn_repo\com\fasterxml\jackson\core\jackson-core\2.13.4\jackson-core-2.13.4.jar;D:\software\apache-maven-3.8.4\mvn_repo\com\fasterxml\jackson\datatype\jackson-datatype-jdk8\2.13.4\jackson-datatype-jdk8-2.13.4.jar;D:\software\apache-maven-3.8.4\mvn_repo\com\fasterxml\jackson\datatype\jackson-datatype-jsr310\2.13.4\jackson-datatype-jsr310-2.13.4.jar;D:\software\apache-maven-3.8.4\mvn_repo\com\fasterxml\jackson\module\jackson-module-parameter-names\2.13.4\jackson-module-parameter-names-2.13.4.jar;D:\software\apache-maven-3.8.4\mvn_repo\org\springframework\boot\spring-boot-starter-tomcat\2.7.5\spring-boot-starter-tomcat-2.7.5.jar;D:\software\apache-maven-3.8.4\mvn_repo\org\apache\tomcat\embed\tomcat-embed-core\9.0.68\tomcat-embed-core-9.0.68.jar;D:\software\apache-maven-3.8.4\mvn_repo\org\apache\tomcat\embed\tomcat-embed-el\9.0.68\tomcat-embed-el-9.0.68.jar;D:\software\apache-maven-3.8.4\mvn_repo\org\apache\tomcat\embed\tomcat-embed-websocket\9.0.68\tomcat-embed-websocket-9.0.68.jar;D:\software\apache-maven-3.8.4\mvn_repo\org\springframework\spring-web\5.3.23\spring-web-5.3.23.jar;D:\software\apache-maven-3.8.4\mvn_repo\org\springframework\spring-beans\5.3.23\spring-beans-5.3.23.jar;D:\software\apache-maven-3.8.4\mvn_repo\org\springframework\spring-webmvc\5.3.23\spring-webmvc-5.3.23.jar;D:\software\apache-maven-3.8.4\mvn_repo\org\springframework\spring-aop\5.3.23\spring-aop-5.3.23.jar;D:\software\apache-maven-3.8.4\mvn_repo\org\springframework\spring-context\5.3.23\spring-context-5.3.23.jar;D:\software\apache-maven-3.8.4\mvn_repo\org\springframework\spring-expression\5.3.23\spring-expression-5.3.23.jar;D:\software\apache-maven-3.8.4\mvn_repo\com\mysql\mysql-connector-j\8.0.31\mysql-connector-j-8.0.31.jar;D:\software\apache-maven-3.8.4\mvn_repo\org\projectlombok\lombok\1.18.24\lombok-1.18.24.jar;D:\software\apache-maven-3.8.4\mvn_repo\org\springframework\boot\spring-boot-starter-test\2.7.5\spring-boot-starter-test-2.7.5.jar;D:\software\apache-maven-3.8.4\mvn_repo\org\springframework\boot\spring-boot-test\2.7.5\spring-boot-test-2.7.5.jar;D:\software\apache-maven-3.8.4\mvn_repo\org\springframework\boot\spring-boot-test-autoconfigure\2.7.5\spring-boot-test-autoconfigure-2.7.5.jar;D:\software\apache-maven-3.8.4\mvn_repo\com\jayway\jsonpath\json-path\2.7.0\json-path-2.7.0.jar;D:\software\apache-maven-3.8.4\mvn_repo\net\minidev\json-smart\2.4.8\json-smart-2.4.8.jar;D:\software\apache-maven-3.8.4\mvn_repo\net\minidev\accessors-smart\2.4.8\accessors-smart-2.4.8.jar;D:\software\apache-maven-3.8.4\mvn_repo\org\ow2\asm\asm\9.1\asm-9.1.jar;D:\software\apache-maven-3.8.4\mvn_repo\org\slf4j\slf4j-api\1.7.36\slf4j-api-1.7.36.jar;D:\software\apache-maven-3.8.4\mvn_repo\jakarta\xml\bind\jakarta.xml.bind-api\2.3.3\jakarta.xml.bind-api-2.3.3.jar;D:\software\apache-maven-3.8.4\mvn_repo\jakarta\activation\jakarta.activation-api\1.2.2\jakarta.activation-api-1.2.2.jar;D:\software\apache-maven-3.8.4\mvn_repo\org\assertj\assertj-core\3.22.0\assertj-core-3.22.0.jar;D:\software\apache-maven-3.8.4\mvn_repo\org\hamcrest\hamcrest\2.2\hamcrest-2.2.jar;D:\software\apache-maven-3.8.4\mvn_repo\org\junit\jupiter\junit-jupiter\5.8.2\junit-jupiter-5.8.2.jar;D:\software\apache-maven-3.8.4\mvn_repo\org\junit\jupiter\junit-jupiter-api\5.8.2\junit-jupiter-api-5.8.2.jar;D:\software\apache-maven-3.8.4\mvn_repo\org\opentest4j\opentest4j\1.2.0\opentest4j-1.2.0.jar;D:\software\apache-maven-3.8.4\mvn_repo\org\junit\platform\junit-platform-commons\1.8.2\junit-platform-commons-1.8.2.jar;D:\software\apache-maven-3.8.4\mvn_repo\org\apiguardian\apiguardian-api\1.1.2\apiguardian-api-1.1.2.jar;D:\software\apache-maven-3.8.4\mvn_repo\org\junit\jupiter\junit-jupiter-params\5.8.2\junit-jupiter-params-5.8.2.jar;D:\software\apache-maven-3.8.4\mvn_repo\org\junit\jupiter\junit-jupiter-engine\5.8.2\junit-jupiter-engine-5.8.2.jar;D:\software\apache-maven-3.8.4\mvn_repo\org\junit\platform\junit-platform-engine\1.8.2\junit-platform-engine-1.8.2.jar;D:\software\apache-maven-3.8.4\mvn_repo\org\mockito\mockito-core\4.5.1\mockito-core-4.5.1.jar;D:\software\apache-maven-3.8.4\mvn_repo\net\bytebuddy\byte-buddy\1.12.18\byte-buddy-1.12.18.jar;D:\software\apache-maven-3.8.4\mvn_repo\net\bytebuddy\byte-buddy-agent\1.12.18\byte-buddy-agent-1.12.18.jar;D:\software\apache-maven-3.8.4\mvn_repo\org\objenesis\objenesis\3.2\objenesis-3.2.jar;D:\software\apache-maven-3.8.4\mvn_repo\org\mockito\mockito-junit-jupiter\4.5.1\mockito-junit-jupiter-4.5.1.jar;D:\software\apache-maven-3.8.4\mvn_repo\org\skyscreamer\jsonassert\1.5.1\jsonassert-1.5.1.jar;D:\software\apache-maven-3.8.4\mvn_repo\com\vaadin\external\google\android-json\0.0.20131108.vaadin1\android-json-0.0.20131108.vaadin1.jar;D:\software\apache-maven-3.8.4\mvn_repo\org\springframework\spring-core\5.3.23\spring-core-5.3.23.jar;D:\software\apache-maven-3.8.4\mvn_repo\org\springframework\spring-jcl\5.3.23\spring-jcl-5.3.23.jar;D:\software\apache-maven-3.8.4\mvn_repo\org\springframework\spring-test\5.3.23\spring-test-5.3.23.jar;D:\software\apache-maven-3.8.4\mvn_repo\org\xmlunit\xmlunit-core\2.9.0\xmlunit-core-2.9.0.jar;"/>
    <property name="java.vm.vendor" value="JetBrains s.r.o."/>
    <property name="sun.arch.data.model" value="64"/>
    <property name="user.variant" value=""/>
    <property name="java.vendor.url" value="https://openjdk.java.net/"/>
    <property name="user.timezone" value="Asia/Shanghai"/>
    <property name="java.vm.specification.version" value="11"/>
    <property name="os.name" value="Windows 10"/>
    <property name="sun.java.launcher" value="SUN_STANDARD"/>
    <property name="user.country" value="CN"/>
    <property name="sun.boot.library.path" value="D:\program files\IntelliJ IDEA 2021.3.2\jbr\bin"/>
    <property name="sun.java.command" value="C:\Users\PHOENI~1\AppData\Local\Temp\surefire10432987181834360034\surefirebooter11872336545452787946.jar C:\Users\Phoenixâ€”C\AppData\Local\Temp\surefire10432987181834360034 2024-03-11T19-58-34_739-jvmRun1 surefire16792180925011894860tmp surefire_09885160822878036294tmp"/>
    <property name="jdk.debug" value="release"/>
    <property name="surefire.test.class.path" value="D:\JavaProject\java-study-road\springboot-01-study-start\target\test-classes;D:\JavaProject\java-study-road\springboot-01-study-start\target\classes;D:\software\apache-maven-3.8.4\mvn_repo\org\springframework\boot\spring-boot-starter-web\2.7.5\spring-boot-starter-web-2.7.5.jar;D:\software\apache-maven-3.8.4\mvn_repo\org\springframework\boot\spring-boot-starter\2.7.5\spring-boot-starter-2.7.5.jar;D:\software\apache-maven-3.8.4\mvn_repo\org\springframework\boot\spring-boot\2.7.5\spring-boot-2.7.5.jar;D:\software\apache-maven-3.8.4\mvn_repo\org\springframework\boot\spring-boot-autoconfigure\2.7.5\spring-boot-autoconfigure-2.7.5.jar;D:\software\apache-maven-3.8.4\mvn_repo\org\springframework\boot\spring-boot-starter-logging\2.7.5\spring-boot-starter-logging-2.7.5.jar;D:\software\apache-maven-3.8.4\mvn_repo\ch\qos\logback\logback-classic\1.2.11\logback-classic-1.2.11.jar;D:\software\apache-maven-3.8.4\mvn_repo\ch\qos\logback\logback-core\1.2.11\logback-core-1.2.11.jar;D:\software\apache-maven-3.8.4\mvn_repo\org\apache\logging\log4j\log4j-to-slf4j\2.17.2\log4j-to-slf4j-2.17.2.jar;D:\software\apache-maven-3.8.4\mvn_repo\org\apache\logging\log4j\log4j-api\2.17.2\log4j-api-2.17.2.jar;D:\software\apache-maven-3.8.4\mvn_repo\org\slf4j\jul-to-slf4j\1.7.36\jul-to-slf4j-1.7.36.jar;D:\software\apache-maven-3.8.4\mvn_repo\jakarta\annotation\jakarta.annotation-api\1.3.5\jakarta.annotation-api-1.3.5.jar;D:\software\apache-maven-3.8.4\mvn_repo\org\yaml\snakeyaml\1.30\snakeyaml-1.30.jar;D:\software\apache-maven-3.8.4\mvn_repo\org\springframework\boot\spring-boot-starter-json\2.7.5\spring-boot-starter-json-2.7.5.jar;D:\software\apache-maven-3.8.4\mvn_repo\com\fasterxml\jackson\core\jackson-databind\2.13.4.2\jackson-databind-2.13.4.2.jar;D:\software\apache-maven-3.8.4\mvn_repo\com\fasterxml\jackson\core\jackson-annotations\2.13.4\jackson-annotations-2.13.4.jar;D:\software\apache-maven-3.8.4\mvn_repo\com\fasterxml\jackson\core\jackson-core\2.13.4\jackson-core-2.13.4.jar;D:\software\apache-maven-3.8.4\mvn_repo\com\fasterxml\jackson\datatype\jackson-datatype-jdk8\2.13.4\jackson-datatype-jdk8-2.13.4.jar;D:\software\apache-maven-3.8.4\mvn_repo\com\fasterxml\jackson\datatype\jackson-datatype-jsr310\2.13.4\jackson-datatype-jsr310-2.13.4.jar;D:\software\apache-maven-3.8.4\mvn_repo\com\fasterxml\jackson\module\jackson-module-parameter-names\2.13.4\jackson-module-parameter-names-2.13.4.jar;D:\software\apache-maven-3.8.4\mvn_repo\org\springframework\boot\spring-boot-starter-tomcat\2.7.5\spring-boot-starter-tomcat-2.7.5.jar;D:\software\apache-maven-3.8.4\mvn_repo\org\apache\tomcat\embed\tomcat-embed-core\9.0.68\tomcat-embed-core-9.0.68.jar;D:\software\apache-maven-3.8.4\mvn_repo\org\apache\tomcat\embed\tomcat-embed-el\9.0.68\tomcat-embed-el-9.0.68.jar;D:\software\apache-maven-3.8.4\mvn_repo\org\apache\tomcat\embed\tomcat-embed-websocket\9.0.68\tomcat-embed-websocket-9.0.68.jar;D:\software\apache-maven-3.8.4\mvn_repo\org\springframework\spring-web\5.3.23\spring-web-5.3.23.jar;D:\software\apache-maven-3.8.4\mvn_repo\org\springframework\spring-beans\5.3.23\spring-beans-5.3.23.jar;D:\software\apache-maven-3.8.4\mvn_repo\org\springframework\spring-webmvc\5.3.23\spring-webmvc-5.3.23.jar;D:\software\apache-maven-3.8.4\mvn_repo\org\springframework\spring-aop\5.3.23\spring-aop-5.3.23.jar;D:\software\apache-maven-3.8.4\mvn_repo\org\springframework\spring-context\5.3.23\spring-context-5.3.23.jar;D:\software\apache-maven-3.8.4\mvn_repo\org\springframework\spring-expression\5.3.23\spring-expression-5.3.23.jar;D:\software\apache-maven-3.8.4\mvn_repo\com\mysql\mysql-connector-j\8.0.31\mysql-connector-j-8.0.31.jar;D:\software\apache-maven-3.8.4\mvn_repo\org\projectlombok\lombok\1.18.24\lombok-1.18.24.jar;D:\software\apache-maven-3.8.4\mvn_repo\org\springframework\boot\spring-boot-starter-test\2.7.5\spring-boot-starter-test-2.7.5.jar;D:\software\apache-maven-3.8.4\mvn_repo\org\springframework\boot\spring-boot-test\2.7.5\spring-boot-test-2.7.5.jar;D:\software\apache-maven-3.8.4\mvn_repo\org\springframework\boot\spring-boot-test-autoconfigure\2.7.5\spring-boot-test-autoconfigure-2.7.5.jar;D:\software\apache-maven-3.8.4\mvn_repo\com\jayway\jsonpath\json-path\2.7.0\json-path-2.7.0.jar;D:\software\apache-maven-3.8.4\mvn_repo\net\minidev\json-smart\2.4.8\json-smart-2.4.8.jar;D:\software\apache-maven-3.8.4\mvn_repo\net\minidev\accessors-smart\2.4.8\accessors-smart-2.4.8.jar;D:\software\apache-maven-3.8.4\mvn_repo\org\ow2\asm\asm\9.1\asm-9.1.jar;D:\software\apache-maven-3.8.4\mvn_repo\org\slf4j\slf4j-api\1.7.36\slf4j-api-1.7.36.jar;D:\software\apache-maven-3.8.4\mvn_repo\jakarta\xml\bind\jakarta.xml.bind-api\2.3.3\jakarta.xml.bind-api-2.3.3.jar;D:\software\apache-maven-3.8.4\mvn_repo\jakarta\activation\jakarta.activation-api\1.2.2\jakarta.activation-api-1.2.2.jar;D:\software\apache-maven-3.8.4\mvn_repo\org\assertj\assertj-core\3.22.0\assertj-core-3.22.0.jar;D:\software\apache-maven-3.8.4\mvn_repo\org\hamcrest\hamcrest\2.2\hamcrest-2.2.jar;D:\software\apache-maven-3.8.4\mvn_repo\org\junit\jupiter\junit-jupiter\5.8.2\junit-jupiter-5.8.2.jar;D:\software\apache-maven-3.8.4\mvn_repo\org\junit\jupiter\junit-jupiter-api\5.8.2\junit-jupiter-api-5.8.2.jar;D:\software\apache-maven-3.8.4\mvn_repo\org\opentest4j\opentest4j\1.2.0\opentest4j-1.2.0.jar;D:\software\apache-maven-3.8.4\mvn_repo\org\junit\platform\junit-platform-commons\1.8.2\junit-platform-commons-1.8.2.jar;D:\software\apache-maven-3.8.4\mvn_repo\org\apiguardian\apiguardian-api\1.1.2\apiguardian-api-1.1.2.jar;D:\software\apache-maven-3.8.4\mvn_repo\org\junit\jupiter\junit-jupiter-params\5.8.2\junit-jupiter-params-5.8.2.jar;D:\software\apache-maven-3.8.4\mvn_repo\org\junit\jupiter\junit-jupiter-engine\5.8.2\junit-jupiter-engine-5.8.2.jar;D:\software\apache-maven-3.8.4\mvn_repo\org\junit\platform\junit-platform-engine\1.8.2\junit-platform-engine-1.8.2.jar;D:\software\apache-maven-3.8.4\mvn_repo\org\mockito\mockito-core\4.5.1\mockito-core-4.5.1.jar;D:\software\apache-maven-3.8.4\mvn_repo\net\bytebuddy\byte-buddy\1.12.18\byte-buddy-1.12.18.jar;D:\software\apache-maven-3.8.4\mvn_repo\net\bytebuddy\byte-buddy-agent\1.12.18\byte-buddy-agent-1.12.18.jar;D:\software\apache-maven-3.8.4\mvn_repo\org\objenesis\objenesis\3.2\objenesis-3.2.jar;D:\software\apache-maven-3.8.4\mvn_repo\org\mockito\mockito-junit-jupiter\4.5.1\mockito-junit-jupiter-4.5.1.jar;D:\software\apache-maven-3.8.4\mvn_repo\org\skyscreamer\jsonassert\1.5.1\jsonassert-1.5.1.jar;D:\software\apache-maven-3.8.4\mvn_repo\com\vaadin\external\google\android-json\0.0.20131108.vaadin1\android-json-0.0.20131108.vaadin1.jar;D:\software\apache-maven-3.8.4\mvn_repo\org\springframework\spring-core\5.3.23\spring-core-5.3.23.jar;D:\software\apache-maven-3.8.4\mvn_repo\org\springframework\spring-jcl\5.3.23\spring-jcl-5.3.23.jar;D:\software\apache-maven-3.8.4\mvn_repo\org\springframework\spring-test\5.3.23\spring-test-5.3.23.jar;D:\software\apache-maven-3.8.4\mvn_repo\org\xmlunit\xmlunit-core\2.9.0\xmlunit-core-2.9.0.jar;"/>
    <property name="sun.cpu.endian" value="little"/>
    <property name="user.home" value="C:\Users\Phoenixâ€”C"/>
    <property name="user.language" value="zh"/>
    <property name="java.specification.vendor" value="Oracle Corporation"/>
    <property name="java.version.date" value="2021-10-19"/>
    <property name="java.home" value="D:\program files\IntelliJ IDEA 2021.3.2\jbr"/>
    <property name="file.separator" value="\"/>
    <property name="basedir" value="D:\JavaProject\java-study-road\springboot-01-study-start"/>
    <property name="java.vm.compressedOopsMode" value="Zero based"/>
    <property name="line.separator" value="&#10;"/>
    <property name="java.specification.name" value="Java Platform API Specification"/>
    <property name="java.vm.specification.vendor" value="Oracle Corporation"/>
    <property name="java.awt.graphicsenv" value="sun.awt.Win32GraphicsEnvironment"/>
    <property name="surefire.real.class.path" value="C:\Users\PHOENI~1\AppData\Local\Temp\surefire10432987181834360034\surefirebooter11872336545452787946.jar"/>
    <property name="user.script" value=""/>
    <property name="sun.management.compiler" value="HotSpot 64-Bit Tiered Compilers"/>
    <property name="java.runtime.version" value="11.0.13+7-b1751.25"/>
    <property name="user.name" value="Phoenix"/>
    <property name="path.separator" value=";"/>
    <property name="os.version" value="10.0"/>
    <property name="java.runtime.name" value="OpenJDK Runtime Environment"/>
    <property name="file.encoding" value="GBK"/>
    <property name="java.vm.name" value="OpenJDK 64-Bit Server VM"/>
    <property name="java.vendor.version" value="JBR-11.0.13.7-1751.25-jcef"/>
    <property name="localRepository" value="D:\software\apache-maven-3.8.4\mvn_repo"/>
    <property name="java.vendor.url.bug" value="https://bugreport.java.com/bugreport/"/>
    <property name="java.io.tmpdir" value="C:\Users\PHOENI~1\AppData\Local\Temp\"/>
    <property name="idea.version" value="2021.3.2"/>
    <property name="java.version" value="11.0.13"/>
    <property name="user.dir" value="D:\JavaProject\java-study-road\springboot-01-study-start"/>
    <property name="os.arch" value="amd64"/>
    <property name="java.vm.specification.name" value="Java Virtual Machine Specification"/>
    <property name="java.awt.printerjob" value="sun.awt.windows.WPrinterJob"/>
    <property name="sun.os.patch.level" value=""/>
    <property name="java.library.path" value="D:\program files\IntelliJ IDEA 2021.3.2\jbr\bin;C:\Windows\Sun\Java\bin;C:\Windows\system32;C:\Windows;C:\Program Files\Common Files\Oracle\Java\javapath;D:\VMWare\bin\;C:\Program Files (x86)\Common Files\Oracle\Java\javapath;C:\Windows\system32;C:\Windows;C:\Windows\System32\Wbem;C:\Windows\System32\WindowsPowerShell\v1.0\;C:\Windows\System32\OpenSSH\;C:\Program Files (x86)\NVIDIA Corporation\PhysX\Common;C:\Program Files\NVIDIA Corporation\NVIDIA NvDLISR;C:\Program Files\Java\jdk1.8.0_291\bin;C:\Program Files\Java\jdk1.8.0_291\jre\bin;D:\wamp64\bin\php\php7.3.21;D:\nodeJS\;C:\ProgramData\ComposerSetup\bin;D:\software\hadoop-3.3.2\sbin;D:\software\hadoop-3.3.2\bin;D:\software\scala-2.12.15\bin;D:\software\apache-maven-3.8.4\bin;D:\software\spark\bin;D:\software\spark\sbin;D:\program files\MySQL\bin;C:\Program Files (x86)\Microsoft SQL Server\160\DTS\Binn\;C:\Program Files\Azure Data Studio\bin;D:\program files\qemu;D:\software\Git\cmd;C:\Program Files\dotnet\;D:\Python\Scripts\;D:\Python\;C:\Users\Phoenixâ€”C\AppData\Local\Microsoft\WindowsApps;C:\Users\Phoenixâ€”C\AppData\Roaming\npm;D:\VSCode\Microsoft VS Code\bin;C:\Users\Phoenixâ€”C\AppData\Roaming\Composer\vendor\bin;D:\program files\IntelliJ IDEA 2021.3.2\bin;C:\Program Files\Google\Chrome\Application;."/>
    <property name="java.vm.info" value="mixed mode"/>
    <property name="java.vendor" value="JetBrains s.r.o."/>
    <property name="java.vm.version" value="11.0.13+7-b1751.25"/>
    <property name="sun.io.unicode.encoding" value="UnicodeLittle"/>
    <property name="java.class.version" value="55.0"/>
  </properties>
  <testcase name="contextLoads" classname="com.xxx.springbootstudy.SpringbootStudyApplicationTests" time="0.275"/>
</testsuite>